\BOOKMARK [0][-]{chapter*.1}{\376\377\000P\000r\000e\000f\000a\000c\000e}{}% 1
\BOOKMARK [0][-]{chapter*.2}{\376\377\000C\000o\000n\000t\000e\000n\000t\000s}{}% 2
\BOOKMARK [0][-]{chapter*.3}{\376\377\000L\000i\000s\000t\000\040\000o\000f\000\040\000F\000i\000g\000u\000r\000e\000s}{}% 3
\BOOKMARK [0][-]{chapter*.4}{\376\377\000L\000i\000s\000t\000\040\000o\000f\000\040\000T\000a\000b\000l\000e\000s}{}% 4
\BOOKMARK [-1][-]{part.1}{\376\377\000I\000\040\000M\000e\000c\000h\000a\000n\000i\000c\000s}{}% 5
\BOOKMARK [0][-]{chapter.1}{\376\377\000T\000h\000e\000\040\000S\000t\000r\000u\000c\000t\000u\000r\000e\000\040\000o\000f\000\040\000S\000p\000a\000c\000e\000\040\000a\000n\000d\000\040\000T\000i\000m\000e}{part.1}% 6
\BOOKMARK [1][-]{section.1.1}{\376\377\000M\000e\000a\000s\000u\000r\000e\000m\000e\000n\000t\000s\000,\000\040\000C\000o\000o\000r\000d\000i\000n\000a\000t\000e\000s\000,\000\040\000a\000n\000d\000\040\000T\000r\000a\000n\000s\000f\000o\000r\000m\000a\000t\000i\000o\000n\000s}{chapter.1}% 7
\BOOKMARK [1][-]{section.1.2}{\376\377\000E\000l\000e\000m\000e\000n\000t\000a\000r\000y\000\040\000P\000h\000y\000s\000i\000c\000a\000l\000\040\000Q\000u\000a\000n\000t\000i\000t\000i\000e\000s}{chapter.1}% 8
\BOOKMARK [1][-]{section.1.3}{\376\377\000G\000a\000l\000i\000l\000e\000a\000n\000\040\000I\000n\000v\000a\000r\000i\000a\000n\000c\000e\000\040\000a\000n\000d\000\040\000N\000e\000w\000t\000o\000n}{chapter.1}% 9
\BOOKMARK [1][-]{section.1.4}{\376\377\000I\000n\000e\000r\000t\000i\000a\000l\000\040\000a\000n\000d\000\040\000N\000o\000n\000-\000I\000n\000e\000r\000t\000i\000a\000l\000\040\000F\000r\000a\000m\000e\000s}{chapter.1}% 10
\BOOKMARK [1][-]{section.1.5}{\376\377\000P\000s\000e\000u\000d\000o\000\040\000F\000o\000r\000c\000e\000s\000\040\000a\000n\000d\000\040\000R\000o\000t\000a\000t\000i\000n\000g\000\040\000F\000r\000a\000m\000e\000s}{chapter.1}% 11
\BOOKMARK [1][-]{section.1.6}{\376\377\000I\000n\000t\000r\000o\000d\000u\000c\000t\000i\000o\000n\000\040\000t\000o\000\040\000G\000e\000n\000e\000r\000a\000l\000i\000z\000e\000d\000\040\000C\000o\000o\000r\000d\000i\000n\000a\000t\000e\000s}{chapter.1}% 12
\BOOKMARK [1][-]{section.1.7}{\376\377\000S\000u\000m\000m\000a\000r\000y}{chapter.1}% 13
\BOOKMARK [0][-]{chapter.2}{\376\377\000T\000h\000e\000\040\000P\000r\000i\000n\000c\000i\000p\000l\000e\000\040\000o\000f\000\040\000L\000e\000a\000s\000t\000\040\000A\000c\000t\000i\000o\000n}{part.1}% 14
\BOOKMARK [1][-]{section.2.1}{\376\377\000C\000a\000l\000c\000u\000l\000u\000s\000\040\000o\000f\000\040\000V\000a\000r\000i\000a\000t\000i\000o\000n\000s}{chapter.2}% 15
\BOOKMARK [1][-]{section.2.2}{\376\377\000E\000u\000l\000e\000r\040\023\000L\000a\000g\000r\000a\000n\000g\000e\000\040\000E\000q\000u\000a\000t\000i\000o\000n\000s}{chapter.2}% 16
\BOOKMARK [1][-]{section.2.3}{\376\377\000C\000o\000n\000s\000t\000r\000a\000i\000n\000t\000s\000\040\000a\000n\000d\000\040\000L\000a\000g\000r\000a\000n\000g\000e\000\040\000M\000u\000l\000t\000i\000p\000l\000i\000e\000r\000s}{chapter.2}% 17
\BOOKMARK [1][-]{section.2.4}{\376\377\000D\040\031\000A\000l\000e\000m\000b\000e\000r\000t\040\031\000s\000\040\000P\000r\000i\000n\000c\000i\000p\000l\000e}{chapter.2}% 18
\BOOKMARK [1][-]{section.2.5}{\376\377\000E\000n\000e\000r\000g\000y\000,\000\040\000M\000o\000m\000e\000n\000t\000u\000m\000,\000\040\000a\000n\000d\000\040\000C\000y\000c\000l\000i\000c\000\040\000C\000o\000o\000r\000d\000i\000n\000a\000t\000e\000s}{chapter.2}% 19
\BOOKMARK [1][-]{section.2.6}{\376\377\000S\000u\000m\000m\000a\000r\000y}{chapter.2}% 20
\BOOKMARK [0][-]{chapter.3}{\376\377\000A\000p\000p\000l\000i\000c\000a\000t\000i\000o\000n\000s\000\040\000o\000f\000\040\000L\000a\000g\000r\000a\000n\000g\000i\000a\000n\000\040\000M\000e\000c\000h\000a\000n\000i\000c\000s}{part.1}% 21
\BOOKMARK [1][-]{section.3.1}{\376\377\000S\000i\000m\000p\000l\000e\000\040\000a\000n\000d\000\040\000C\000o\000u\000p\000l\000e\000d\000\040\000O\000s\000c\000i\000l\000l\000a\000t\000o\000r\000s}{chapter.3}% 22
\BOOKMARK [1][-]{section.3.2}{\376\377\000T\000h\000e\000\040\000D\000o\000u\000b\000l\000e\000\040\000P\000e\000n\000d\000u\000l\000u\000m}{chapter.3}% 23
\BOOKMARK [1][-]{section.3.3}{\376\377\000A\000t\000w\000o\000o\000d\040\031\000s\000\040\000M\000a\000c\000h\000i\000n\000e\000\040\000a\000n\000d\000\040\000G\000e\000n\000e\000r\000a\000l\000i\000z\000e\000d\000\040\000C\000o\000o\000r\000d\000i\000n\000a\000t\000e\000s}{chapter.3}% 24
\BOOKMARK [1][-]{section.3.4}{\376\377\000S\000m\000a\000l\000l\000-\000A\000n\000g\000l\000e\000\040\000A\000p\000p\000r\000o\000x\000i\000m\000a\000t\000i\000o\000n\000s\000\040\000a\000n\000d\000\040\000L\000i\000n\000e\000a\000r\000i\000z\000a\000t\000i\000o\000n}{chapter.3}% 25
\BOOKMARK [1][-]{section.3.5}{\376\377\000S\000u\000m\000m\000a\000r\000y}{chapter.3}% 26
\BOOKMARK [0][-]{chapter.4}{\376\377\000C\000o\000n\000s\000e\000r\000v\000a\000t\000i\000o\000n\000\040\000L\000a\000w\000s\000\040\000a\000n\000d\000\040\000S\000y\000m\000m\000e\000t\000r\000y}{part.1}% 27
\BOOKMARK [1][-]{section.4.1}{\376\377\000N\000o\000e\000t\000h\000e\000r\040\031\000s\000\040\000T\000h\000e\000o\000r\000e\000m\000\040\000i\000n\000\040\000C\000l\000a\000s\000s\000i\000c\000a\000l\000\040\000M\000e\000c\000h\000a\000n\000i\000c\000s}{chapter.4}% 28
\BOOKMARK [1][-]{section.4.2}{\376\377\000T\000r\000a\000n\000s\000l\000a\000t\000i\000o\000n\000,\000\040\000R\000o\000t\000a\000t\000i\000o\000n\000,\000\040\000a\000n\000d\000\040\000T\000i\000m\000e\000-\000S\000h\000i\000f\000t\000\040\000S\000y\000m\000m\000e\000t\000r\000i\000e\000s}{chapter.4}% 29
\BOOKMARK [1][-]{section.4.3}{\376\377\000E\000n\000e\000r\000g\000y\040\023\000M\000o\000m\000e\000n\000t\000u\000m\000\040\000T\000e\000n\000s\000o\000r\000\040\000\050\000M\000e\000c\000h\000a\000n\000i\000c\000a\000l\000\040\000F\000o\000r\000m\000\051}{chapter.4}% 30
\BOOKMARK [1][-]{section.4.4}{\376\377\000C\000e\000n\000t\000r\000a\000l\000\040\000P\000o\000t\000e\000n\000t\000i\000a\000l\000s\000\040\000a\000n\000d\000\040\000E\000f\000f\000e\000c\000t\000i\000v\000e\000\040\000P\000o\000t\000e\000n\000t\000i\000a\000l\000s}{chapter.4}% 31
\BOOKMARK [1][-]{section.4.5}{\376\377\000S\000u\000m\000m\000a\000r\000y}{chapter.4}% 32
\BOOKMARK [0][-]{chapter.5}{\376\377\000H\000a\000m\000i\000l\000t\000o\000n\000i\000a\000n\000\040\000M\000e\000c\000h\000a\000n\000i\000c\000s}{part.1}% 33
\BOOKMARK [1][-]{section.5.1}{\376\377\000L\000e\000g\000e\000n\000d\000r\000e\000\040\000T\000r\000a\000n\000s\000f\000o\000r\000m\000s}{chapter.5}% 34
\BOOKMARK [1][-]{section.5.2}{\376\377\000H\000a\000m\000i\000l\000t\000o\000n\040\031\000s\000\040\000E\000q\000u\000a\000t\000i\000o\000n\000s}{chapter.5}% 35
\BOOKMARK [1][-]{section.5.3}{\376\377\000P\000o\000i\000s\000s\000o\000n\000\040\000B\000r\000a\000c\000k\000e\000t\000s\000\040\000a\000n\000d\000\040\000C\000a\000n\000o\000n\000i\000c\000a\000l\000\040\000S\000t\000r\000u\000c\000t\000u\000r\000e}{chapter.5}% 36
\BOOKMARK [1][-]{section.5.4}{\376\377\000C\000o\000n\000s\000t\000a\000n\000t\000s\000\040\000o\000f\000\040\000M\000o\000t\000i\000o\000n\000\040\000a\000n\000d\000\040\000I\000n\000t\000e\000g\000r\000a\000b\000i\000l\000i\000t\000y}{chapter.5}% 37
\BOOKMARK [1][-]{section.5.5}{\376\377\000P\000h\000a\000s\000e\000-\000S\000p\000a\000c\000e\000\040\000F\000l\000o\000w\000\040\000a\000n\000d\000\040\000L\000i\000o\000u\000v\000i\000l\000l\000e\040\031\000s\000\040\000T\000h\000e\000o\000r\000e\000m}{chapter.5}% 38
\BOOKMARK [1][-]{section.5.6}{\376\377\000S\000u\000m\000m\000a\000r\000y}{chapter.5}% 39
\BOOKMARK [0][-]{chapter.6}{\376\377\000C\000a\000n\000o\000n\000i\000c\000a\000l\000\040\000T\000r\000a\000n\000s\000f\000o\000r\000m\000a\000t\000i\000o\000n\000s\000\040\000a\000n\000d\000\040\000H\000a\000m\000i\000l\000t\000o\000n\040\023\000J\000a\000c\000o\000b\000i\000\040\000T\000h\000e\000o\000r\000y}{part.1}% 40
\BOOKMARK [1][-]{section.6.1}{\376\377\000G\000e\000n\000e\000r\000a\000t\000i\000n\000g\000\040\000F\000u\000n\000c\000t\000i\000o\000n\000s}{chapter.6}% 41
\BOOKMARK [1][-]{section.6.2}{\376\377\000C\000a\000n\000o\000n\000i\000c\000a\000l\000\040\000I\000n\000v\000a\000r\000i\000a\000n\000t\000s}{chapter.6}% 42
\BOOKMARK [1][-]{section.6.3}{\376\377\000T\000h\000e\000\040\000H\000a\000m\000i\000l\000t\000o\000n\040\023\000J\000a\000c\000o\000b\000i\000\040\000E\000q\000u\000a\000t\000i\000o\000n}{chapter.6}% 43
\BOOKMARK [1][-]{section.6.4}{\376\377\000A\000c\000t\000i\000o\000n\040\023\000A\000n\000g\000l\000e\000\040\000V\000a\000r\000i\000a\000b\000l\000e\000s\000\040\000a\000n\000d\000\040\000I\000n\000t\000e\000g\000r\000a\000b\000l\000e\000\040\000S\000y\000s\000t\000e\000m\000s}{chapter.6}% 44
\BOOKMARK [1][-]{section.6.5}{\376\377\000S\000u\000m\000m\000a\000r\000y}{chapter.6}% 45
\BOOKMARK [0][-]{chapter.7}{\376\377\000R\000i\000g\000i\000d\000-\000B\000o\000d\000y\000\040\000M\000o\000t\000i\000o\000n}{part.1}% 46
\BOOKMARK [1][-]{section.7.1}{\376\377\000R\000o\000t\000a\000t\000i\000o\000n\000\040\000M\000a\000t\000r\000i\000c\000e\000s\000\040\000a\000n\000d\000\040\000E\000u\000l\000e\000r\000\040\000A\000n\000g\000l\000e\000s}{chapter.7}% 47
\BOOKMARK [1][-]{section.7.2}{\376\377\000A\000n\000g\000u\000l\000a\000r\000\040\000V\000e\000l\000o\000c\000i\000t\000y\000\040\000V\000e\000c\000t\000o\000r\000\040\000a\000n\000d\000\040\000M\000o\000m\000e\000n\000t\000\040\000o\000f\000\040\000I\000n\000e\000r\000t\000i\000a\000\040\000T\000e\000n\000s\000o\000r}{chapter.7}% 48
\BOOKMARK [1][-]{section.7.3}{\376\377\000E\000u\000l\000e\000r\040\031\000s\000\040\000E\000q\000u\000a\000t\000i\000o\000n\000s\000\040\000f\000o\000r\000\040\000R\000i\000g\000i\000d\000-\000B\000o\000d\000y\000\040\000D\000y\000n\000a\000m\000i\000c\000s}{chapter.7}% 49
\BOOKMARK [1][-]{section.7.4}{\376\377\000S\000y\000m\000m\000e\000t\000r\000i\000c\000\040\000T\000o\000p\000\040\000a\000n\000d\000\040\000P\000r\000e\000c\000e\000s\000s\000i\000o\000n}{chapter.7}% 50
\BOOKMARK [1][-]{section.7.5}{\376\377\000G\000y\000r\000o\000s\000c\000o\000p\000i\000c\000\040\000E\000f\000f\000e\000c\000t\000s\000\040\000a\000n\000d\000\040\000S\000t\000a\000b\000i\000l\000i\000t\000y}{chapter.7}% 51
\BOOKMARK [1][-]{section.7.6}{\376\377\000S\000u\000m\000m\000a\000r\000y}{chapter.7}% 52
\BOOKMARK [0][-]{chapter.8}{\376\377\000S\000m\000a\000l\000l\000\040\000O\000s\000c\000i\000l\000l\000a\000t\000i\000o\000n\000s\000\040\000a\000n\000d\000\040\000N\000o\000r\000m\000a\000l\000\040\000M\000o\000d\000e\000s}{part.1}% 53
\BOOKMARK [1][-]{section.8.1}{\376\377\000E\000q\000u\000i\000l\000i\000b\000r\000i\000u\000m\000\040\000a\000n\000d\000\040\000L\000i\000n\000e\000a\000r\000i\000z\000a\000t\000i\000o\000n}{chapter.8}% 54
\BOOKMARK [1][-]{section.8.2}{\376\377\000C\000o\000u\000p\000l\000e\000d\000\040\000H\000a\000r\000m\000o\000n\000i\000c\000\040\000O\000s\000c\000i\000l\000l\000a\000t\000o\000r\000s}{chapter.8}% 55
\BOOKMARK [1][-]{section.8.3}{\376\377\000M\000a\000t\000r\000i\000x\000\040\000F\000o\000r\000m\000u\000l\000a\000t\000i\000o\000n\000\040\000a\000n\000d\000\040\000E\000i\000g\000e\000n\000v\000a\000l\000u\000e\000\040\000P\000r\000o\000b\000l\000e\000m\000s}{chapter.8}% 56
\BOOKMARK [1][-]{section.8.4}{\376\377\000N\000o\000r\000m\000a\000l\000\040\000C\000o\000o\000r\000d\000i\000n\000a\000t\000e\000s\000,\000\040\000O\000r\000t\000h\000o\000g\000o\000n\000a\000l\000i\000t\000y\000,\000\040\000a\000n\000d\000\040\000M\000o\000d\000a\000l\000\040\000A\000n\000a\000l\000y\000s\000i\000s}{chapter.8}% 57
\BOOKMARK [1][-]{section.8.5}{\376\377\000S\000u\000m\000m\000a\000r\000y}{chapter.8}% 58
\BOOKMARK [0][-]{chapter.9}{\376\377\000C\000e\000n\000t\000r\000a\000l\000\040\000F\000o\000r\000c\000e\000\040\000M\000o\000t\000i\000o\000n}{part.1}% 59
\BOOKMARK [1][-]{section.9.1}{\376\377\000M\000o\000t\000i\000o\000n\000\040\000i\000n\000\040\000a\000\040\000P\000l\000a\000n\000e\000\040\000a\000n\000d\000\040\000C\000o\000n\000s\000e\000r\000v\000a\000t\000i\000o\000n\000\040\000o\000f\000\040\000A\000n\000g\000u\000l\000a\000r\000\040\000M\000o\000m\000e\000n\000t\000u\000m}{chapter.9}% 60
\BOOKMARK [1][-]{section.9.2}{\376\377\000E\000f\000f\000e\000c\000t\000i\000v\000e\000\040\000P\000o\000t\000e\000n\000t\000i\000a\000l\000\040\000a\000n\000d\000\040\000O\000r\000b\000i\000t\000a\000l\000\040\000S\000h\000a\000p\000e\000s}{chapter.9}% 61
\BOOKMARK [1][-]{section.9.3}{\376\377\000K\000e\000p\000l\000e\000r\000\040\000P\000r\000o\000b\000l\000e\000m\000\040\000a\000n\000d\000\040\000C\000o\000n\000i\000c\000\040\000S\000e\000c\000t\000i\000o\000n\000s}{chapter.9}% 62
\BOOKMARK [1][-]{section.9.4}{\376\377\000S\000c\000a\000t\000t\000e\000r\000i\000n\000g\000\040\000a\000n\000d\000\040\000R\000u\000t\000h\000e\000r\000f\000o\000r\000d\000\040\000F\000o\000r\000m\000u\000l\000a}{chapter.9}% 63
\BOOKMARK [1][-]{section.9.5}{\376\377\000P\000e\000r\000t\000u\000r\000b\000a\000t\000i\000o\000n\000s\000\040\000a\000n\000d\000\040\000P\000r\000e\000c\000e\000s\000s\000i\000o\000n\000\040\000\050\000e\000.\000g\000.\000,\000\040\000M\000e\000r\000c\000u\000r\000y\000\051}{chapter.9}% 64
\BOOKMARK [1][-]{section.9.6}{\376\377\000S\000u\000m\000m\000a\000r\000y}{chapter.9}% 65
\BOOKMARK [0][-]{chapter.10}{\376\377\000C\000o\000n\000t\000i\000n\000u\000o\000u\000s\000\040\000a\000n\000d\000\040\000A\000p\000p\000r\000o\000x\000i\000m\000a\000t\000e\000\040\000S\000y\000s\000t\000e\000m\000s}{part.1}% 66
\BOOKMARK [1][-]{section.10.1}{\376\377\000D\000i\000s\000c\000r\000e\000t\000e\000-\000t\000o\000-\000C\000o\000n\000t\000i\000n\000u\000u\000m\000\040\000L\000i\000m\000i\000t}{chapter.10}% 67
\BOOKMARK [1][-]{section.10.2}{\376\377\000L\000a\000g\000r\000a\000n\000g\000i\000a\000n\000\040\000D\000e\000n\000s\000i\000t\000y\000\040\000f\000o\000r\000\040\000a\000\040\000V\000i\000b\000r\000a\000t\000i\000n\000g\000\040\000S\000t\000r\000i\000n\000g}{chapter.10}% 68
\BOOKMARK [1][-]{section.10.3}{\376\377\000E\000n\000e\000r\000g\000y\000\040\000a\000n\000d\000\040\000M\000o\000m\000e\000n\000t\000u\000m\000\040\000i\000n\000\040\000C\000o\000n\000t\000i\000n\000u\000o\000u\000s\000\040\000M\000e\000d\000i\000a}{chapter.10}% 69
\BOOKMARK [1][-]{section.10.4}{\376\377\000P\000r\000e\000l\000u\000d\000e\000\040\000t\000o\000\040\000F\000i\000e\000l\000d\000\040\000T\000h\000e\000o\000r\000y}{chapter.10}% 70
\BOOKMARK [1][-]{section.10.5}{\376\377\000S\000u\000m\000m\000a\000r\000y}{chapter.10}% 71
\BOOKMARK [0][-]{chapter.11}{\376\377\000E\000x\000e\000r\000c\000i\000s\000e\000s\000\040\000f\000o\000r\000\040\000P\000a\000r\000t\000\040\000I\000:\000\040\000M\000e\000c\000h\000a\000n\000i\000c\000s}{part.1}% 72
\BOOKMARK [1][-]{section.11.1}{\376\377\000C\000o\000n\000c\000e\000p\000t\000u\000a\000l\000\040\000P\000r\000o\000b\000l\000e\000m\000s}{chapter.11}% 73
\BOOKMARK [1][-]{section.11.2}{\376\377\000C\000o\000m\000p\000u\000t\000a\000t\000i\000o\000n\000a\000l\000\040\000P\000r\000o\000b\000l\000e\000m\000s}{chapter.11}% 74
\BOOKMARK [1][-]{section.11.3}{\376\377\000A\000d\000v\000a\000n\000c\000e\000d\000\040\000P\000r\000o\000b\000l\000e\000m\000s}{chapter.11}% 75
\BOOKMARK [-1][-]{part.2}{\376\377\000I\000I\000\040\000F\000i\000e\000l\000d\000s\000\040\000a\000n\000d\000\040\000W\000a\000v\000e\000s}{}% 76
\BOOKMARK [0][-]{chapter.1}{\376\377\000T\000h\000e\000\040\000F\000i\000e\000l\000d\000\040\000C\000o\000n\000c\000e\000p\000t}{part.2}% 77
\BOOKMARK [1][-]{section.1.1}{\376\377\000M\000o\000t\000i\000v\000a\000t\000i\000o\000n\000\040\000f\000o\000r\000\040\000F\000i\000e\000l\000d\000s}{chapter.1}% 78
\BOOKMARK [1][-]{section.1.2}{\376\377\000S\000c\000a\000l\000a\000r\000\040\000a\000n\000d\000\040\000V\000e\000c\000t\000o\000r\000\040\000F\000i\000e\000l\000d\000s}{chapter.1}% 79
\BOOKMARK [1][-]{section.1.3}{\376\377\000F\000i\000e\000l\000d\000\040\000E\000n\000e\000r\000g\000y\000\040\000a\000n\000d\000\040\000F\000l\000u\000x}{chapter.1}% 80
\BOOKMARK [1][-]{section.1.4}{\376\377\000L\000o\000c\000a\000l\000\040\000I\000n\000t\000e\000r\000a\000c\000t\000i\000o\000n\000s\000\040\000a\000n\000d\000\040\000S\000u\000p\000e\000r\000p\000o\000s\000i\000t\000i\000o\000n}{chapter.1}% 81
\BOOKMARK [1][-]{section.1.5}{\376\377\000S\000u\000m\000m\000a\000r\000y}{chapter.1}% 82
\BOOKMARK [0][-]{chapter.2}{\376\377\000T\000h\000e\000\040\000W\000a\000v\000e\000\040\000E\000q\000u\000a\000t\000i\000o\000n}{part.2}% 83
\BOOKMARK [1][-]{section.2.1}{\376\377\000D\000e\000r\000i\000v\000a\000t\000i\000o\000n\000\040\000i\000n\000\040\000O\000n\000e\000\040\000a\000n\000d\000\040\000T\000h\000r\000e\000e\000\040\000D\000i\000m\000e\000n\000s\000i\000o\000n\000s}{chapter.2}% 84
\BOOKMARK [1][-]{section.2.2}{\376\377\000B\000o\000u\000n\000d\000a\000r\000y\000\040\000C\000o\000n\000d\000i\000t\000i\000o\000n\000s}{chapter.2}% 85
\BOOKMARK [1][-]{section.2.3}{\376\377\000S\000t\000a\000n\000d\000i\000n\000g\000\040\000W\000a\000v\000e\000s\000\040\000a\000n\000d\000\040\000S\000u\000p\000e\000r\000p\000o\000s\000i\000t\000i\000o\000n}{chapter.2}% 86
\BOOKMARK [1][-]{section.2.4}{\376\377\000E\000n\000e\000r\000g\000y\000\040\000T\000r\000a\000n\000s\000p\000o\000r\000t\000\040\000a\000n\000d\000\040\000G\000r\000o\000u\000p\000\040\000V\000e\000l\000o\000c\000i\000t\000y}{chapter.2}% 87
\BOOKMARK [1][-]{section.2.5}{\376\377\000S\000u\000m\000m\000a\000r\000y}{chapter.2}% 88
\BOOKMARK [0][-]{chapter.3}{\376\377\000E\000l\000e\000c\000t\000r\000o\000m\000a\000g\000n\000e\000t\000i\000c\000\040\000F\000i\000e\000l\000d\000s}{part.2}% 89
\BOOKMARK [1][-]{section.3.1}{\376\377\000M\000a\000x\000w\000e\000l\000l\040\031\000s\000\040\000E\000q\000u\000a\000t\000i\000o\000n\000s}{chapter.3}% 90
\BOOKMARK [1][-]{section.3.2}{\376\377\000P\000o\000t\000e\000n\000t\000i\000a\000l\000s\000\040\000a\000n\000d\000\040\000G\000a\000u\000g\000e\000\040\000F\000r\000e\000e\000d\000o\000m}{chapter.3}% 91
\BOOKMARK [1][-]{section.3.3}{\376\377\000P\000l\000a\000n\000e\000-\000W\000a\000v\000e\000\040\000S\000o\000l\000u\000t\000i\000o\000n\000s\000\040\000i\000n\000\040\000V\000a\000c\000u\000u\000m}{chapter.3}% 92
\BOOKMARK [1][-]{section.3.4}{\376\377\000C\000o\000n\000n\000e\000c\000t\000i\000o\000n\000\040\000b\000e\000t\000w\000e\000e\000n\000\040\000E\000l\000e\000c\000t\000r\000i\000c\000i\000t\000y\000\040\000a\000n\000d\000\040\000M\000a\000g\000n\000e\000t\000i\000s\000m}{chapter.3}% 93
\BOOKMARK [1][-]{section.3.5}{\376\377\000S\000u\000m\000m\000a\000r\000y}{chapter.3}% 94
\BOOKMARK [0][-]{chapter.4}{\376\377\000E\000n\000e\000r\000g\000y\000,\000\040\000M\000o\000m\000e\000n\000t\000u\000m\000,\000\040\000a\000n\000d\000\040\000S\000t\000r\000e\000s\000s\000\040\000i\000n\000\040\000F\000i\000e\000l\000d\000s}{part.2}% 95
\BOOKMARK [1][-]{section.4.1}{\376\377\000P\000o\000y\000n\000t\000i\000n\000g\000\040\000V\000e\000c\000t\000o\000r\000\040\000a\000n\000d\000\040\000E\000n\000e\000r\000g\000y\000\040\000C\000o\000n\000s\000e\000r\000v\000a\000t\000i\000o\000n}{chapter.4}% 96
\BOOKMARK [1][-]{section.4.2}{\376\377\000F\000i\000e\000l\000d\000\040\000M\000o\000m\000e\000n\000t\000u\000m\000\040\000a\000n\000d\000\040\000S\000t\000r\000e\000s\000s\000\040\000T\000e\000n\000s\000o\000r}{chapter.4}% 97
\BOOKMARK [1][-]{section.4.3}{\376\377\000R\000e\000l\000a\000t\000i\000o\000n\000\040\000t\000o\000\040\000N\000o\000e\000t\000h\000e\000r\040\031\000s\000\040\000T\000h\000e\000o\000r\000e\000m}{chapter.4}% 98
\BOOKMARK [1][-]{section.4.4}{\376\377\000S\000u\000m\000m\000a\000r\000y}{chapter.4}% 99
\BOOKMARK [0][-]{chapter.5}{\376\377\000P\000o\000l\000a\000r\000i\000z\000a\000t\000i\000o\000n\000,\000\040\000M\000e\000d\000i\000a\000,\000\040\000a\000n\000d\000\040\000B\000o\000u\000n\000d\000a\000r\000i\000e\000s}{part.2}% 100
\BOOKMARK [1][-]{section.5.1}{\376\377\000D\000i\000e\000l\000e\000c\000t\000r\000i\000c\000s\000\040\000a\000n\000d\000\040\000C\000o\000n\000d\000u\000c\000t\000o\000r\000s}{chapter.5}% 101
\BOOKMARK [1][-]{section.5.2}{\376\377\000B\000o\000u\000n\000d\000a\000r\000y\000\040\000C\000o\000n\000d\000i\000t\000i\000o\000n\000s}{chapter.5}% 102
\BOOKMARK [1][-]{section.5.3}{\376\377\000R\000e\000f\000l\000e\000c\000t\000i\000o\000n\000,\000\040\000R\000e\000f\000r\000a\000c\000t\000i\000o\000n\000,\000\040\000a\000n\000d\000\040\000P\000o\000l\000a\000r\000i\000z\000a\000t\000i\000o\000n}{chapter.5}% 103
\BOOKMARK [1][-]{section.5.4}{\376\377\000S\000u\000m\000m\000a\000r\000y}{chapter.5}% 104
\BOOKMARK [0][-]{chapter.6}{\376\377\000E\000l\000e\000c\000t\000r\000o\000m\000a\000g\000n\000e\000t\000i\000c\000\040\000W\000a\000v\000e\000s\000\040\000a\000n\000d\000\040\000R\000a\000d\000i\000a\000t\000i\000o\000n}{part.2}% 105
\BOOKMARK [1][-]{section.6.1}{\376\377\000P\000l\000a\000n\000e\000\040\000a\000n\000d\000\040\000S\000p\000h\000e\000r\000i\000c\000a\000l\000\040\000W\000a\000v\000e\000s}{chapter.6}% 106
\BOOKMARK [1][-]{section.6.2}{\376\377\000P\000o\000l\000a\000r\000i\000z\000a\000t\000i\000o\000n\000\040\000S\000t\000a\000t\000e\000s}{chapter.6}% 107
\BOOKMARK [1][-]{section.6.3}{\376\377\000R\000a\000d\000i\000a\000t\000i\000o\000n\000\040\000f\000r\000o\000m\000\040\000A\000c\000c\000e\000l\000e\000r\000a\000t\000i\000n\000g\000\040\000C\000h\000a\000r\000g\000e\000s}{chapter.6}% 108
\BOOKMARK [1][-]{section.6.4}{\376\377\000D\000i\000p\000o\000l\000e\000\040\000F\000i\000e\000l\000d\000s\000\040\000a\000n\000d\000\040\000R\000a\000d\000i\000a\000t\000i\000o\000n\000\040\000P\000a\000t\000t\000e\000r\000n\000s}{chapter.6}% 109
\BOOKMARK [1][-]{section.6.5}{\376\377\000S\000u\000m\000m\000a\000r\000y}{chapter.6}% 110
\BOOKMARK [0][-]{chapter.7}{\376\377\000T\000h\000e\000\040\000R\000e\000l\000a\000t\000i\000v\000i\000s\000t\000i\000c\000\040\000S\000t\000r\000u\000c\000t\000u\000r\000e\000\040\000o\000f\000\040\000E\000l\000e\000c\000t\000r\000o\000d\000y\000n\000a\000m\000i\000c\000s}{part.2}% 111
\BOOKMARK [1][-]{section.7.1}{\376\377\000C\000o\000v\000a\000r\000i\000a\000n\000t\000\040\000F\000o\000r\000m\000\040\000o\000f\000\040\000M\000a\000x\000w\000e\000l\000l\040\031\000s\000\040\000E\000q\000u\000a\000t\000i\000o\000n\000s}{chapter.7}% 112
\BOOKMARK [1][-]{section.7.2}{\376\377\000F\000o\000u\000r\000-\000V\000e\000c\000t\000o\000r\000s\000\040\000a\000n\000d\000\040\000t\000h\000e\000\040\000F\000i\000e\000l\000d\000\040\000T\000e\000n\000s\000o\000r}{chapter.7}% 113
\BOOKMARK [1][-]{section.7.3}{\376\377\000L\000o\000r\000e\000n\000t\000z\000\040\000I\000n\000v\000a\000r\000i\000a\000n\000c\000e\000\040\000a\000n\000d\000\040\000T\000r\000a\000n\000s\000f\000o\000r\000m\000a\000t\000i\000o\000n\000s}{chapter.7}% 114
\BOOKMARK [1][-]{section.7.4}{\376\377\000S\000u\000m\000m\000a\000r\000y}{chapter.7}% 115
\BOOKMARK [0][-]{chapter.8}{\376\377\000W\000a\000v\000e\000s\000\040\000i\000n\000\040\000C\000o\000n\000t\000i\000n\000u\000o\000u\000s\000\040\000M\000e\000d\000i\000a}{part.2}% 116
\BOOKMARK [1][-]{section.8.1}{\376\377\000E\000l\000a\000s\000t\000i\000c\000\040\000a\000n\000d\000\040\000A\000c\000o\000u\000s\000t\000i\000c\000\040\000W\000a\000v\000e\000s}{chapter.8}% 117
\BOOKMARK [1][-]{section.8.2}{\376\377\000D\000i\000s\000p\000e\000r\000s\000i\000o\000n\000,\000\040\000P\000h\000a\000s\000e\000,\000\040\000a\000n\000d\000\040\000G\000r\000o\000u\000p\000\040\000V\000e\000l\000o\000c\000i\000t\000y}{chapter.8}% 118
\BOOKMARK [1][-]{section.8.3}{\376\377\000P\000l\000a\000s\000m\000a\000\040\000O\000s\000c\000i\000l\000l\000a\000t\000i\000o\000n\000s}{chapter.8}% 119
\BOOKMARK [1][-]{section.8.4}{\376\377\000S\000u\000m\000m\000a\000r\000y}{chapter.8}% 120
\BOOKMARK [0][-]{chapter.9}{\376\377\000I\000n\000t\000e\000r\000f\000e\000r\000e\000n\000c\000e\000\040\000a\000n\000d\000\040\000D\000i\000f\000f\000r\000a\000c\000t\000i\000o\000n}{part.2}% 121
\BOOKMARK [1][-]{section.9.1}{\376\377\000H\000u\000y\000g\000e\000n\000s\040\023\000F\000r\000e\000s\000n\000e\000l\000\040\000P\000r\000i\000n\000c\000i\000p\000l\000e}{chapter.9}% 122
\BOOKMARK [1][-]{section.9.2}{\376\377\000F\000r\000a\000u\000n\000h\000o\000f\000e\000r\000\040\000a\000n\000d\000\040\000F\000r\000e\000s\000n\000e\000l\000\040\000D\000i\000f\000f\000r\000a\000c\000t\000i\000o\000n}{chapter.9}% 123
\BOOKMARK [1][-]{section.9.3}{\376\377\000C\000o\000h\000e\000r\000e\000n\000c\000e\000\040\000a\000n\000d\000\040\000I\000n\000t\000e\000r\000f\000e\000r\000e\000n\000c\000e\000\040\000P\000a\000t\000t\000e\000r\000n\000s}{chapter.9}% 124
\BOOKMARK [1][-]{section.9.4}{\376\377\000S\000u\000m\000m\000a\000r\000y}{chapter.9}% 125
\BOOKMARK [0][-]{chapter.10}{\376\377\000M\000a\000t\000h\000e\000m\000a\000t\000i\000c\000a\000l\000\040\000F\000o\000u\000n\000d\000a\000t\000i\000o\000n\000s\000\040\000o\000f\000\040\000F\000i\000e\000l\000d\000\040\000T\000h\000e\000o\000r\000y}{part.2}% 126
\BOOKMARK [1][-]{section.10.1}{\376\377\000L\000a\000g\000r\000a\000n\000g\000i\000a\000n\000\040\000D\000e\000n\000s\000i\000t\000y\000\040\000f\000o\000r\000\040\000F\000i\000e\000l\000d\000s}{chapter.10}% 127
\BOOKMARK [1][-]{section.10.2}{\376\377\000E\000u\000l\000e\000r\040\023\000L\000a\000g\000r\000a\000n\000g\000e\000\040\000E\000q\000u\000a\000t\000i\000o\000n\000s\000\040\000i\000n\000\040\000F\000i\000e\000l\000d\000\040\000F\000o\000r\000m}{chapter.10}% 128
\BOOKMARK [1][-]{section.10.3}{\376\377\000G\000a\000u\000g\000e\000\040\000I\000n\000v\000a\000r\000i\000a\000n\000c\000e\000\040\000a\000n\000d\000\040\000C\000o\000n\000s\000e\000r\000v\000e\000d\000\040\000C\000u\000r\000r\000e\000n\000t\000s}{chapter.10}% 129
\BOOKMARK [1][-]{section.10.4}{\376\377\000S\000u\000m\000m\000a\000r\000y}{chapter.10}% 130
\BOOKMARK [0][-]{chapter.11}{\376\377\000E\000x\000e\000r\000c\000i\000s\000e\000s\000\040\000f\000o\000r\000\040\000P\000a\000r\000t\000\040\000I\000I\000:\000\040\000F\000i\000e\000l\000d\000s\000\040\000a\000n\000d\000\040\000W\000a\000v\000e\000s}{part.2}% 131
\BOOKMARK [1][-]{section.11.1}{\376\377\000C\000o\000n\000c\000e\000p\000t\000u\000a\000l\000\040\000P\000r\000o\000b\000l\000e\000m\000s}{chapter.11}% 132
\BOOKMARK [1][-]{section.11.2}{\376\377\000C\000o\000m\000p\000u\000t\000a\000t\000i\000o\000n\000a\000l\000\040\000P\000r\000o\000b\000l\000e\000m\000s}{chapter.11}% 133
\BOOKMARK [1][-]{section.11.3}{\376\377\000A\000d\000v\000a\000n\000c\000e\000d\000\040\000P\000r\000o\000b\000l\000e\000m\000s}{chapter.11}% 134
\BOOKMARK [-1][-]{part.3}{\376\377\000I\000I\000I\000\040\000F\000l\000u\000i\000d\000s\000,\000\040\000O\000p\000t\000i\000c\000s\000,\000\040\000a\000n\000d\000\040\000H\000e\000a\000t}{}% 135
\BOOKMARK [0][-]{chapter.1}{\376\377\000F\000l\000u\000i\000d\000\040\000S\000t\000a\000t\000i\000c\000s\000\040\000a\000n\000d\000\040\000K\000i\000n\000e\000m\000a\000t\000i\000c\000s}{part.3}% 136
\BOOKMARK [1][-]{section.1.1}{\376\377\000D\000e\000n\000s\000i\000t\000y\000,\000\040\000P\000r\000e\000s\000s\000u\000r\000e\000,\000\040\000a\000n\000d\000\040\000V\000e\000l\000o\000c\000i\000t\000y\000\040\000F\000i\000e\000l\000d\000s}{chapter.1}% 137
\BOOKMARK [1][-]{section.1.2}{\376\377\000S\000t\000r\000e\000a\000m\000l\000i\000n\000e\000s\000\040\000a\000n\000d\000\040\000V\000o\000r\000t\000i\000c\000i\000t\000y}{chapter.1}% 138
\BOOKMARK [1][-]{section.1.3}{\376\377\000C\000o\000n\000t\000i\000n\000u\000i\000t\000y\000\040\000E\000q\000u\000a\000t\000i\000o\000n\000\040\000a\000n\000d\000\040\000F\000l\000o\000w\000\040\000V\000i\000s\000u\000a\000l\000i\000z\000a\000t\000i\000o\000n}{chapter.1}% 139
\BOOKMARK [1][-]{section.1.4}{\376\377\000S\000u\000m\000m\000a\000r\000y}{chapter.1}% 140
\BOOKMARK [0][-]{chapter.2}{\376\377\000E\000q\000u\000a\000t\000i\000o\000n\000s\000\040\000o\000f\000\040\000F\000l\000u\000i\000d\000\040\000M\000o\000t\000i\000o\000n}{part.3}% 141
\BOOKMARK [1][-]{section.2.1}{\376\377\000E\000u\000l\000e\000r\000\040\000a\000n\000d\000\040\000N\000a\000v\000i\000e\000r\040\023\000S\000t\000o\000k\000e\000s\000\040\000E\000q\000u\000a\000t\000i\000o\000n\000s}{chapter.2}% 142
\BOOKMARK [1][-]{section.2.2}{\376\377\000S\000t\000r\000e\000s\000s\000\040\000T\000e\000n\000s\000o\000r\000\040\000a\000n\000d\000\040\000V\000i\000s\000c\000o\000s\000i\000t\000y}{chapter.2}% 143
\BOOKMARK [1][-]{section.2.3}{\376\377\000B\000o\000u\000n\000d\000a\000r\000y\000\040\000L\000a\000y\000e\000r\000s\000\040\000a\000n\000d\000\040\000F\000l\000o\000w\000\040\000R\000e\000g\000i\000m\000e\000s}{chapter.2}% 144
\BOOKMARK [1][-]{section.2.4}{\376\377\000S\000u\000m\000m\000a\000r\000y}{chapter.2}% 145
\BOOKMARK [0][-]{chapter.3}{\376\377\000I\000n\000c\000o\000m\000p\000r\000e\000s\000s\000i\000b\000l\000e\000\040\000a\000n\000d\000\040\000C\000o\000m\000p\000r\000e\000s\000s\000i\000b\000l\000e\000\040\000F\000l\000o\000w\000s}{part.3}% 146
\BOOKMARK [1][-]{section.3.1}{\376\377\000B\000e\000r\000n\000o\000u\000l\000l\000i\040\031\000s\000\040\000E\000q\000u\000a\000t\000i\000o\000n}{chapter.3}% 147
\BOOKMARK [1][-]{section.3.2}{\376\377\000S\000o\000u\000n\000d\000\040\000W\000a\000v\000e\000s\000\040\000i\000n\000\040\000F\000l\000u\000i\000d\000s}{chapter.3}% 148
\BOOKMARK [1][-]{section.3.3}{\376\377\000S\000h\000o\000c\000k\000\040\000W\000a\000v\000e\000s\000\040\000a\000n\000d\000\040\000M\000a\000c\000h\000\040\000N\000u\000m\000b\000e\000r}{chapter.3}% 149
\BOOKMARK [1][-]{section.3.4}{\376\377\000S\000u\000m\000m\000a\000r\000y}{chapter.3}% 150
\BOOKMARK [0][-]{chapter.4}{\376\377\000T\000h\000e\000r\000m\000o\000d\000y\000n\000a\000m\000i\000c\000\040\000S\000y\000s\000t\000e\000m\000s\000\040\000a\000n\000d\000\040\000E\000q\000u\000a\000t\000i\000o\000n\000s\000\040\000o\000f\000\040\000S\000t\000a\000t\000e}{part.3}% 151
\BOOKMARK [1][-]{section.4.1}{\376\377\000F\000i\000r\000s\000t\000\040\000a\000n\000d\000\040\000S\000e\000c\000o\000n\000d\000\040\000L\000a\000w\000s}{chapter.4}% 152
\BOOKMARK [1][-]{section.4.2}{\376\377\000S\000t\000a\000t\000e\000\040\000V\000a\000r\000i\000a\000b\000l\000e\000s\000\040\000a\000n\000d\000\040\000P\000r\000o\000c\000e\000s\000s\000e\000s}{chapter.4}% 153
\BOOKMARK [1][-]{section.4.3}{\376\377\000R\000e\000v\000e\000r\000s\000i\000b\000l\000e\000\040\000a\000n\000d\000\040\000I\000r\000r\000e\000v\000e\000r\000s\000i\000b\000l\000e\000\040\000T\000r\000a\000n\000s\000f\000o\000r\000m\000a\000t\000i\000o\000n\000s}{chapter.4}% 154
\BOOKMARK [1][-]{section.4.4}{\376\377\000S\000u\000m\000m\000a\000r\000y}{chapter.4}% 155
\BOOKMARK [0][-]{chapter.5}{\376\377\000S\000t\000a\000t\000i\000s\000t\000i\000c\000a\000l\000\040\000F\000o\000u\000n\000d\000a\000t\000i\000o\000n\000s\000\040\000o\000f\000\040\000T\000h\000e\000r\000m\000o\000d\000y\000n\000a\000m\000i\000c\000s}{part.3}% 156
\BOOKMARK [1][-]{section.5.1}{\376\377\000M\000i\000c\000r\000o\000s\000t\000a\000t\000e\000s\000\040\000a\000n\000d\000\040\000E\000n\000s\000e\000m\000b\000l\000e\000s}{chapter.5}% 157
\BOOKMARK [1][-]{section.5.2}{\376\377\000B\000o\000l\000t\000z\000m\000a\000n\000n\000\040\000D\000i\000s\000t\000r\000i\000b\000u\000t\000i\000o\000n\000\040\000a\000n\000d\000\040\000P\000a\000r\000t\000i\000t\000i\000o\000n\000\040\000F\000u\000n\000c\000t\000i\000o\000n}{chapter.5}% 158
\BOOKMARK [1][-]{section.5.3}{\376\377\000E\000n\000t\000r\000o\000p\000y\000\040\000a\000n\000d\000\040\000T\000e\000m\000p\000e\000r\000a\000t\000u\000r\000e\000\040\000f\000r\000o\000m\000\040\000P\000r\000o\000b\000a\000b\000i\000l\000i\000t\000y}{chapter.5}% 159
\BOOKMARK [1][-]{section.5.4}{\376\377\000S\000u\000m\000m\000a\000r\000y}{chapter.5}% 160
\BOOKMARK [0][-]{chapter.6}{\376\377\000T\000r\000a\000n\000s\000p\000o\000r\000t\000\040\000P\000h\000e\000n\000o\000m\000e\000n\000a}{part.3}% 161
\BOOKMARK [1][-]{section.6.1}{\376\377\000D\000i\000f\000f\000u\000s\000i\000o\000n\000,\000\040\000C\000o\000n\000d\000u\000c\000t\000i\000o\000n\000,\000\040\000a\000n\000d\000\040\000V\000i\000s\000c\000o\000s\000i\000t\000y}{chapter.6}% 162
\BOOKMARK [1][-]{section.6.2}{\376\377\000F\000i\000c\000k\040\031\000s\000\040\000a\000n\000d\000\040\000F\000o\000u\000r\000i\000e\000r\040\031\000s\000\040\000L\000a\000w\000s}{chapter.6}% 163
\BOOKMARK [1][-]{section.6.3}{\376\377\000C\000o\000n\000t\000i\000n\000u\000i\000t\000y\000\040\000a\000n\000d\000\040\000C\000o\000n\000s\000t\000i\000t\000u\000t\000i\000v\000e\000\040\000R\000e\000l\000a\000t\000i\000o\000n\000s}{chapter.6}% 164
\BOOKMARK [1][-]{section.6.4}{\376\377\000S\000u\000m\000m\000a\000r\000y}{chapter.6}% 165
\BOOKMARK [0][-]{chapter.7}{\376\377\000W\000a\000v\000e\000\040\000O\000p\000t\000i\000c\000s}{part.3}% 166
\BOOKMARK [1][-]{section.7.1}{\376\377\000I\000n\000t\000e\000r\000f\000e\000r\000e\000n\000c\000e\000\040\000a\000n\000d\000\040\000D\000i\000f\000f\000r\000a\000c\000t\000i\000o\000n}{chapter.7}% 167
\BOOKMARK [1][-]{section.7.2}{\376\377\000P\000o\000l\000a\000r\000i\000z\000a\000t\000i\000o\000n\000\040\000a\000n\000d\000\040\000C\000o\000h\000e\000r\000e\000n\000c\000e}{chapter.7}% 168
\BOOKMARK [1][-]{section.7.3}{\376\377\000O\000p\000t\000i\000c\000a\000l\000\040\000P\000a\000t\000h\000\040\000a\000n\000d\000\040\000I\000n\000t\000e\000n\000s\000i\000t\000y\000\040\000D\000i\000s\000t\000r\000i\000b\000u\000t\000i\000o\000n\000s}{chapter.7}% 169
\BOOKMARK [1][-]{section.7.4}{\376\377\000S\000u\000m\000m\000a\000r\000y}{chapter.7}% 170
\BOOKMARK [0][-]{chapter.8}{\376\377\000G\000e\000o\000m\000e\000t\000r\000i\000c\000a\000l\000\040\000O\000p\000t\000i\000c\000s}{part.3}% 171
\BOOKMARK [1][-]{section.8.1}{\376\377\000E\000i\000k\000o\000n\000a\000l\000\040\000A\000p\000p\000r\000o\000x\000i\000m\000a\000t\000i\000o\000n\000\040\000a\000n\000d\000\040\000R\000a\000y\000\040\000T\000r\000a\000c\000i\000n\000g}{chapter.8}% 172
\BOOKMARK [1][-]{section.8.2}{\376\377\000L\000e\000n\000s\000e\000s\000,\000\040\000M\000i\000r\000r\000o\000r\000s\000,\000\040\000a\000n\000d\000\040\000I\000m\000a\000g\000e\000\040\000F\000o\000r\000m\000a\000t\000i\000o\000n}{chapter.8}% 173
\BOOKMARK [1][-]{section.8.3}{\376\377\000C\000o\000n\000n\000e\000c\000t\000i\000o\000n\000\040\000t\000o\000\040\000H\000a\000m\000i\000l\000t\000o\000n\040\023\000J\000a\000c\000o\000b\000i\000\040\000F\000o\000r\000m\000a\000l\000i\000s\000m}{chapter.8}% 174
\BOOKMARK [1][-]{section.8.4}{\376\377\000S\000u\000m\000m\000a\000r\000y}{chapter.8}% 175
\BOOKMARK [0][-]{chapter.9}{\376\377\000B\000l\000a\000c\000k\000b\000o\000d\000y\000\040\000a\000n\000d\000\040\000T\000h\000e\000r\000m\000a\000l\000\040\000R\000a\000d\000i\000a\000t\000i\000o\000n}{part.3}% 176
\BOOKMARK [1][-]{section.9.1}{\376\377\000P\000l\000a\000n\000c\000k\040\031\000s\000\040\000L\000a\000w\000\040\000a\000n\000d\000\040\000S\000t\000e\000f\000a\000n\040\023\000B\000o\000l\000t\000z\000m\000a\000n\000n\000\040\000R\000e\000l\000a\000t\000i\000o\000n}{chapter.9}% 177
\BOOKMARK [1][-]{section.9.2}{\376\377\000P\000h\000o\000t\000o\000n\000\040\000G\000a\000s\000\040\000a\000n\000d\000\040\000S\000p\000e\000c\000t\000r\000a\000l\000\040\000E\000n\000e\000r\000g\000y\000\040\000D\000e\000n\000s\000i\000t\000y}{chapter.9}% 178
\BOOKMARK [1][-]{section.9.3}{\376\377\000C\000l\000a\000s\000s\000i\000c\000a\000l\000\040\000v\000e\000r\000s\000u\000s\000\040\000Q\000u\000a\000n\000t\000u\000m\000\040\000L\000i\000m\000i\000t\000s}{chapter.9}% 179
\BOOKMARK [1][-]{section.9.4}{\376\377\000S\000u\000m\000m\000a\000r\000y}{chapter.9}% 180
\BOOKMARK [0][-]{chapter.10}{\376\377\000N\000o\000n\000-\000E\000q\000u\000i\000l\000i\000b\000r\000i\000u\000m\000\040\000a\000n\000d\000\040\000I\000r\000r\000e\000v\000e\000r\000s\000i\000b\000i\000l\000i\000t\000y}{part.3}% 181
\BOOKMARK [1][-]{section.10.1}{\376\377\000E\000n\000t\000r\000o\000p\000y\000\040\000P\000r\000o\000d\000u\000c\000t\000i\000o\000n\000\040\000a\000n\000d\000\040\000O\000n\000s\000a\000g\000e\000r\000\040\000R\000e\000l\000a\000t\000i\000o\000n\000s}{chapter.10}% 182
\BOOKMARK [1][-]{section.10.2}{\376\377\000F\000l\000u\000c\000t\000u\000a\000t\000i\000o\000n\040\023\000D\000i\000s\000s\000i\000p\000a\000t\000i\000o\000n\000\040\000T\000h\000e\000o\000r\000e\000m}{chapter.10}% 183
\BOOKMARK [1][-]{section.10.3}{\376\377\000I\000r\000r\000e\000v\000e\000r\000s\000i\000b\000l\000e\000\040\000T\000h\000e\000r\000m\000o\000d\000y\000n\000a\000m\000i\000c\000s}{chapter.10}% 184
\BOOKMARK [1][-]{section.10.4}{\376\377\000S\000u\000m\000m\000a\000r\000y}{chapter.10}% 185
\BOOKMARK [0][-]{chapter.11}{\376\377\000E\000x\000e\000r\000c\000i\000s\000e\000s\000\040\000f\000o\000r\000\040\000P\000a\000r\000t\000\040\000I\000I\000I\000:\000\040\000F\000l\000u\000i\000d\000s\000,\000\040\000O\000p\000t\000i\000c\000s\000,\000\040\000a\000n\000d\000\040\000H\000e\000a\000t}{part.3}% 186
\BOOKMARK [1][-]{section.11.1}{\376\377\000C\000o\000n\000c\000e\000p\000t\000u\000a\000l\000\040\000P\000r\000o\000b\000l\000e\000m\000s}{chapter.11}% 187
\BOOKMARK [1][-]{section.11.2}{\376\377\000C\000o\000m\000p\000u\000t\000a\000t\000i\000o\000n\000a\000l\000\040\000P\000r\000o\000b\000l\000e\000m\000s}{chapter.11}% 188
\BOOKMARK [1][-]{section.11.3}{\376\377\000A\000d\000v\000a\000n\000c\000e\000d\000\040\000P\000r\000o\000b\000l\000e\000m\000s}{chapter.11}% 189
\BOOKMARK [-1][-]{part.4}{\376\377\000I\000V\000\040\000R\000e\000l\000a\000t\000i\000v\000i\000t\000y}{}% 190
\BOOKMARK [-1][-]{part.5}{\376\377\000V\000\040\000Q\000u\000a\000n\000t\000u\000m}{}% 191
